{"/Users/nagata/work/scrapbox-cosense-mcp/src/cosense.ts": {"path":"/Users/nagata/work/scrapbox-cosense-mcp/src/cosense.ts","statementMap":{"0":{"start":{"line":460,"column":9},"end":{"line":460,"column":16}},"1":{"start":{"line":460,"column":18},"end":{"line":460,"column":27}},"2":{"start":{"line":460,"column":29},"end":{"line":460,"column":46}},"3":{"start":{"line":460,"column":48},"end":{"line":460,"column":62}},"4":{"start":{"line":460,"column":64},"end":{"line":460,"column":77}},"5":{"start":{"line":460,"column":79},"end":{"line":460,"column":90}},"6":{"start":{"line":1,"column":0},"end":{"line":1,"column":43}},"7":{"start":{"line":2,"column":0},"end":{"line":2,"column":44}},"8":{"start":{"line":3,"column":19},"end":{"line":3,"column":58}},"9":{"start":{"line":101,"column":2},"end":{"line":155,"column":3}},"10":{"start":{"line":102,"column":16},"end":{"line":102,"column":96}},"11":{"start":{"line":105,"column":21},"end":{"line":109,"column":24}},"12":{"start":{"line":111,"column":4},"end":{"line":113,"column":5}},"13":{"start":{"line":112,"column":6},"end":{"line":112,"column":18}},"14":{"start":{"line":115,"column":17},"end":{"line":115,"column":38}},"15":{"start":{"line":118,"column":4},"end":{"line":120,"column":5}},"16":{"start":{"line":119,"column":6},"end":{"line":119,"column":18}},"17":{"start":{"line":122,"column":22},"end":{"line":122,"column":45}},"18":{"start":{"line":123,"column":4},"end":{"line":130,"column":5}},"19":{"start":{"line":124,"column":6},"end":{"line":129,"column":8}},"20":{"start":{"line":133,"column":4},"end":{"line":150,"column":5}},"21":{"start":{"line":135,"column":6},"end":{"line":141,"column":8}},"22":{"start":{"line":142,"column":11},"end":{"line":150,"column":5}},"23":{"start":{"line":144,"column":6},"end":{"line":149,"column":8}},"24":{"start":{"line":152,"column":4},"end":{"line":152,"column":21}},"25":{"start":{"line":154,"column":4},"end":{"line":154,"column":16}},"26":{"start":{"line":189,"column":2},"end":{"line":198,"column":4}},"27":{"start":{"line":249,"column":2},"end":{"line":337,"column":3}},"28":{"start":{"line":250,"column":36},"end":{"line":250,"column":43}},"29":{"start":{"line":253,"column":22},"end":{"line":253,"column":47}},"30":{"start":{"line":254,"column":19},"end":{"line":258,"column":6}},"31":{"start":{"line":260,"column":16},"end":{"line":260,"column":74}},"32":{"start":{"line":264,"column":33},"end":{"line":267,"column":6}},"33":{"start":{"line":269,"column":21},"end":{"line":273,"column":24}},"34":{"start":{"line":275,"column":4},"end":{"line":287,"column":5}},"35":{"start":{"line":276,"column":6},"end":{"line":286,"column":8}},"36":{"start":{"line":289,"column":18},"end":{"line":289,"column":39}},"37":{"start":{"line":290,"column":29},"end":{"line":305,"column":null}},"38":{"start":{"line":292,"column":28},"end":{"line":292,"column":71}},"39":{"start":{"line":293,"column":8},"end":{"line":303,"column":9}},"40":{"start":{"line":294,"column":10},"end":{"line":302,"column":12}},"41":{"start":{"line":301,"column":69},"end":{"line":301,"column":78}},"42":{"start":{"line":304,"column":8},"end":{"line":304,"column":20}},"43":{"start":{"line":309,"column":24},"end":{"line":312,"column":6}},"44":{"start":{"line":314,"column":4},"end":{"line":324,"column":6}},"45":{"start":{"line":327,"column":4},"end":{"line":336,"column":6}},"46":{"start":{"line":342,"column":2},"end":{"line":342,"column":34}},"47":{"start":{"line":346,"column":18},"end":{"line":346,"column":85}},"48":{"start":{"line":347,"column":2},"end":{"line":347,"column":72}},"49":{"start":{"line":368,"column":23},"end":{"line":368,"column":48}},"50":{"start":{"line":369,"column":14},"end":{"line":369,"column":93}},"51":{"start":{"line":371,"column":20},"end":{"line":374,"column":4}},"52":{"start":{"line":376,"column":19},"end":{"line":378,"column":22}},"53":{"start":{"line":380,"column":2},"end":{"line":395,"column":3}},"54":{"start":{"line":381,"column":4},"end":{"line":394,"column":6}},"55":{"start":{"line":397,"column":17},"end":{"line":397,"column":38}},"56":{"start":{"line":398,"column":2},"end":{"line":411,"column":4}},"57":{"start":{"line":427,"column":15},"end":{"line":427,"column":32}},"58":{"start":{"line":428,"column":16},"end":{"line":428,"column":29}},"59":{"start":{"line":429,"column":20},"end":{"line":429,"column":38}},"60":{"start":{"line":432,"column":19},"end":{"line":436,"column":4}},"61":{"start":{"line":439,"column":22},"end":{"line":442,"column":4}},"62":{"start":{"line":445,"column":22},"end":{"line":445,"column":59}},"63":{"start":{"line":448,"column":2},"end":{"line":453,"column":4}}},"fnMap":{"0":{"name":"getPage","decl":{"start":{"line":96,"column":15},"end":{"line":96,"column":22}},"loc":{"start":{"line":99,"column":14},"end":{"line":156,"column":1}}},"1":{"name":"toReadablePage","decl":{"start":{"line":158,"column":9},"end":{"line":158,"column":23}},"loc":{"start":{"line":158,"column":45},"end":{"line":199,"column":1}}},"2":{"name":"listPages","decl":{"start":{"line":244,"column":15},"end":{"line":244,"column":24}},"loc":{"start":{"line":247,"column":137},"end":{"line":338,"column":1}}},"3":{"name":"(anonymous_3)","decl":{"start":{"line":291,"column":45},"end":{"line":291,"column":50}},"loc":{"start":{"line":291,"column":60},"end":{"line":305,"column":7}}},"4":{"name":"(anonymous_4)","decl":{"start":{"line":301,"column":61},"end":{"line":301,"column":65}},"loc":{"start":{"line":301,"column":69},"end":{"line":301,"column":78}}},"5":{"name":"encodeScrapboxBody","decl":{"start":{"line":340,"column":9},"end":{"line":340,"column":27}},"loc":{"start":{"line":340,"column":40},"end":{"line":343,"column":1}}},"6":{"name":"createPageUrl","decl":{"start":{"line":345,"column":9},"end":{"line":345,"column":22}},"loc":{"start":{"line":345,"column":72},"end":{"line":348,"column":1}}},"7":{"name":"searchPages","decl":{"start":{"line":363,"column":15},"end":{"line":363,"column":26}},"loc":{"start":{"line":366,"column":14},"end":{"line":412,"column":1}}},"8":{"name":"listPagesWithSort","decl":{"start":{"line":417,"column":15},"end":{"line":417,"column":32}},"loc":{"start":{"line":425,"column":14},"end":{"line":454,"column":1}}}},"branchMap":{"0":{"loc":{"start":{"line":3,"column":19},"end":{"line":3,"column":58}},"type":"binary-expr","locations":[{"start":{"line":3,"column":19},"end":{"line":3,"column":41}},{"start":{"line":3,"column":45},"end":{"line":3,"column":58}}]},"1":{"loc":{"start":{"line":105,"column":21},"end":{"line":109,"column":24}},"type":"cond-expr","locations":[{"start":{"line":106,"column":8},"end":{"line":108,"column":10}},{"start":{"line":109,"column":8},"end":{"line":109,"column":24}}]},"2":{"loc":{"start":{"line":111,"column":4},"end":{"line":113,"column":5}},"type":"if","locations":[{"start":{"line":111,"column":4},"end":{"line":113,"column":5}}]},"3":{"loc":{"start":{"line":118,"column":4},"end":{"line":120,"column":5}},"type":"if","locations":[{"start":{"line":118,"column":4},"end":{"line":120,"column":5}}]},"4":{"loc":{"start":{"line":118,"column":8},"end":{"line":118,"column":41}},"type":"binary-expr","locations":[{"start":{"line":118,"column":8},"end":{"line":118,"column":13}},{"start":{"line":118,"column":17},"end":{"line":118,"column":41}}]},"5":{"loc":{"start":{"line":123,"column":4},"end":{"line":130,"column":5}},"type":"if","locations":[{"start":{"line":123,"column":4},"end":{"line":130,"column":5}}]},"6":{"loc":{"start":{"line":133,"column":4},"end":{"line":150,"column":5}},"type":"if","locations":[{"start":{"line":133,"column":4},"end":{"line":150,"column":5}},{"start":{"line":142,"column":11},"end":{"line":150,"column":5}}]},"7":{"loc":{"start":{"line":133,"column":8},"end":{"line":133,"column":51}},"type":"binary-expr","locations":[{"start":{"line":133,"column":8},"end":{"line":133,"column":23}},{"start":{"line":133,"column":27},"end":{"line":133,"column":51}}]},"8":{"loc":{"start":{"line":142,"column":11},"end":{"line":150,"column":5}},"type":"if","locations":[{"start":{"line":142,"column":11},"end":{"line":150,"column":5}}]},"9":{"loc":{"start":{"line":195,"column":20},"end":{"line":195,"column":52}},"type":"binary-expr","locations":[{"start":{"line":195,"column":20},"end":{"line":195,"column":39}},{"start":{"line":195,"column":43},"end":{"line":195,"column":52}}]},"10":{"loc":{"start":{"line":247,"column":2},"end":{"line":247,"column":137}},"type":"default-arg","locations":[{"start":{"line":247,"column":135},"end":{"line":247,"column":137}}]},"11":{"loc":{"start":{"line":253,"column":22},"end":{"line":253,"column":47}},"type":"binary-expr","locations":[{"start":{"line":253,"column":22},"end":{"line":253,"column":34}},{"start":{"line":253,"column":38},"end":{"line":253,"column":47}}]},"12":{"loc":{"start":{"line":255,"column":14},"end":{"line":255,"column":35}},"type":"binary-expr","locations":[{"start":{"line":255,"column":14},"end":{"line":255,"column":27}},{"start":{"line":255,"column":31},"end":{"line":255,"column":35}}]},"13":{"loc":{"start":{"line":256,"column":13},"end":{"line":256,"column":30}},"type":"binary-expr","locations":[{"start":{"line":256,"column":13},"end":{"line":256,"column":25}},{"start":{"line":256,"column":29},"end":{"line":256,"column":30}}]},"14":{"loc":{"start":{"line":269,"column":21},"end":{"line":273,"column":24}},"type":"cond-expr","locations":[{"start":{"line":270,"column":8},"end":{"line":272,"column":10}},{"start":{"line":273,"column":8},"end":{"line":273,"column":24}}]},"15":{"loc":{"start":{"line":275,"column":4},"end":{"line":287,"column":5}},"type":"if","locations":[{"start":{"line":275,"column":4},"end":{"line":287,"column":5}}]},"16":{"loc":{"start":{"line":293,"column":8},"end":{"line":303,"column":9}},"type":"if","locations":[{"start":{"line":293,"column":8},"end":{"line":303,"column":9}}]},"17":{"loc":{"start":{"line":301,"column":26},"end":{"line":301,"column":85}},"type":"binary-expr","locations":[{"start":{"line":301,"column":26},"end":{"line":301,"column":79}},{"start":{"line":301,"column":83},"end":{"line":301,"column":85}}]},"18":{"loc":{"start":{"line":310,"column":12},"end":{"line":310,"column":29}},"type":"binary-expr","locations":[{"start":{"line":310,"column":12},"end":{"line":310,"column":16}},{"start":{"line":310,"column":20},"end":{"line":310,"column":29}}]},"19":{"loc":{"start":{"line":311,"column":21},"end":{"line":311,"column":47}},"type":"binary-expr","locations":[{"start":{"line":311,"column":21},"end":{"line":311,"column":34}},{"start":{"line":311,"column":38},"end":{"line":311,"column":47}}]},"20":{"loc":{"start":{"line":321,"column":21},"end":{"line":321,"column":38}},"type":"binary-expr","locations":[{"start":{"line":321,"column":21},"end":{"line":321,"column":25}},{"start":{"line":321,"column":29},"end":{"line":321,"column":38}}]},"21":{"loc":{"start":{"line":322,"column":24},"end":{"line":322,"column":46}},"type":"binary-expr","locations":[{"start":{"line":322,"column":24},"end":{"line":322,"column":37}},{"start":{"line":322,"column":41},"end":{"line":322,"column":46}}]},"22":{"loc":{"start":{"line":334,"column":15},"end":{"line":334,"column":64}},"type":"cond-expr","locations":[{"start":{"line":334,"column":40},"end":{"line":334,"column":53}},{"start":{"line":334,"column":56},"end":{"line":334,"column":64}}]},"23":{"loc":{"start":{"line":347,"column":9},"end":{"line":347,"column":71}},"type":"cond-expr","locations":[{"start":{"line":347,"column":16},"end":{"line":347,"column":61}},{"start":{"line":347,"column":64},"end":{"line":347,"column":71}}]},"24":{"loc":{"start":{"line":376,"column":19},"end":{"line":378,"column":22}},"type":"cond-expr","locations":[{"start":{"line":377,"column":6},"end":{"line":377,"column":69}},{"start":{"line":378,"column":6},"end":{"line":378,"column":22}}]},"25":{"loc":{"start":{"line":380,"column":2},"end":{"line":395,"column":3}},"type":"if","locations":[{"start":{"line":380,"column":2},"end":{"line":395,"column":3}}]},"26":{"loc":{"start":{"line":427,"column":15},"end":{"line":427,"column":32}},"type":"binary-expr","locations":[{"start":{"line":427,"column":15},"end":{"line":427,"column":27}},{"start":{"line":427,"column":31},"end":{"line":427,"column":32}}]},"27":{"loc":{"start":{"line":435,"column":19},"end":{"line":435,"column":49}},"type":"binary-expr","locations":[{"start":{"line":435,"column":19},"end":{"line":435,"column":40}},{"start":{"line":435,"column":44},"end":{"line":435,"column":49}}]},"28":{"loc":{"start":{"line":440,"column":10},"end":{"line":440,"column":35}},"type":"binary-expr","locations":[{"start":{"line":440,"column":10},"end":{"line":440,"column":22}},{"start":{"line":440,"column":26},"end":{"line":440,"column":35}}]},"29":{"loc":{"start":{"line":441,"column":19},"end":{"line":441,"column":53}},"type":"binary-expr","locations":[{"start":{"line":441,"column":19},"end":{"line":441,"column":40}},{"start":{"line":441,"column":44},"end":{"line":441,"column":53}}]}},"s":{"0":6,"1":6,"2":6,"3":6,"4":6,"5":6,"6":6,"7":6,"8":6,"9":9,"10":9,"11":9,"12":8,"13":1,"14":7,"15":7,"16":1,"17":6,"18":6,"19":2,"20":4,"21":0,"22":4,"23":0,"24":4,"25":1,"26":2,"27":3,"28":3,"29":3,"30":3,"31":3,"32":3,"33":3,"34":3,"35":1,"36":2,"37":2,"38":4,"39":4,"40":4,"41":2,"42":0,"43":2,"44":2,"45":0,"46":1,"47":3,"48":3,"49":3,"50":3,"51":3,"52":3,"53":3,"54":1,"55":2,"56":2,"57":0,"58":0,"59":0,"60":0,"61":0,"62":0,"63":0},"f":{"0":9,"1":2,"2":3,"3":4,"4":2,"5":1,"6":3,"7":3,"8":0},"b":{"0":[6,6],"1":[8,1],"2":[1],"3":[1],"4":[7,7],"5":[2],"6":[0,4],"7":[4,0],"8":[0],"9":[2,1],"10":[2],"11":[3,2],"12":[3,2],"13":[3,3],"14":[3,0],"15":[1],"16":[4],"17":[4,2],"18":[2,1],"19":[2,2],"20":[2,1],"21":[2,2],"22":[0,0],"23":[1,2],"24":[3,0],"25":[1],"26":[0,0],"27":[0,0],"28":[0,0],"29":[0,0]}}
,"/Users/nagata/work/scrapbox-cosense-mcp/src/routes/handlers/create-page.ts": {"path":"/Users/nagata/work/scrapbox-cosense-mcp/src/routes/handlers/create-page.ts","statementMap":{"0":{"start":{"line":13,"column":0},"end":{"line":13,"column":7}},"1":{"start":{"line":1,"column":0},"end":{"line":1,"column":49}},"2":{"start":{"line":2,"column":0},"end":{"line":2,"column":78}},"3":{"start":{"line":3,"column":0},"end":{"line":3,"column":47}},"4":{"start":{"line":18,"column":2},"end":{"line":102,"column":3}},"5":{"start":{"line":19,"column":24},"end":{"line":19,"column":64}},"6":{"start":{"line":20,"column":18},"end":{"line":20,"column":38}},"7":{"start":{"line":21,"column":17},"end":{"line":21,"column":28}},"8":{"start":{"line":22,"column":27},"end":{"line":22,"column":58}},"9":{"start":{"line":25,"column":33},"end":{"line":25,"column":86}},"10":{"start":{"line":27,"column":26},"end":{"line":29,"column":18}},"11":{"start":{"line":32,"column":4},"end":{"line":77,"column":5}},"12":{"start":{"line":33,"column":6},"end":{"line":48,"column":7}},"13":{"start":{"line":34,"column":8},"end":{"line":47,"column":10}},"14":{"start":{"line":51,"column":20},"end":{"line":51,"column":66}},"15":{"start":{"line":52,"column":23},"end":{"line":52,"column":40}},"16":{"start":{"line":55,"column":6},"end":{"line":60,"column":9}},"17":{"start":{"line":57,"column":8},"end":{"line":57,"column":48}},"18":{"start":{"line":57,"column":37},"end":{"line":57,"column":45}},"19":{"start":{"line":62,"column":18},"end":{"line":62,"column":51}},"20":{"start":{"line":63,"column":6},"end":{"line":76,"column":8}},"21":{"start":{"line":80,"column":16},"end":{"line":80,"column":64}},"22":{"start":{"line":81,"column":4},"end":{"line":86,"column":6}},"23":{"start":{"line":88,"column":4},"end":{"line":101,"column":6}}},"fnMap":{"0":{"name":"handleCreatePage","decl":{"start":{"line":13,"column":22},"end":{"line":13,"column":38}},"loc":{"start":{"line":16,"column":26},"end":{"line":103,"column":1}}},"1":{"name":"(anonymous_1)","decl":{"start":{"line":55,"column":38},"end":{"line":55,"column":39}},"loc":{"start":{"line":55,"column":69},"end":{"line":58,"column":7}}},"2":{"name":"(anonymous_2)","decl":{"start":{"line":57,"column":28},"end":{"line":57,"column":32}},"loc":{"start":{"line":57,"column":37},"end":{"line":57,"column":45}}}},"branchMap":{"0":{"loc":{"start":{"line":19,"column":24},"end":{"line":19,"column":64}},"type":"binary-expr","locations":[{"start":{"line":19,"column":24},"end":{"line":19,"column":42}},{"start":{"line":19,"column":46},"end":{"line":19,"column":64}}]},"1":{"loc":{"start":{"line":27,"column":26},"end":{"line":29,"column":18}},"type":"cond-expr","locations":[{"start":{"line":27,"column":33},"end":{"line":29,"column":6}},{"start":{"line":29,"column":9},"end":{"line":29,"column":18}}]},"2":{"loc":{"start":{"line":32,"column":4},"end":{"line":77,"column":5}},"type":"if","locations":[{"start":{"line":32,"column":4},"end":{"line":77,"column":5}}]},"3":{"loc":{"start":{"line":33,"column":6},"end":{"line":48,"column":7}},"type":"if","locations":[{"start":{"line":33,"column":6},"end":{"line":48,"column":7}}]},"4":{"loc":{"start":{"line":51,"column":20},"end":{"line":51,"column":66}},"type":"cond-expr","locations":[{"start":{"line":51,"column":36},"end":{"line":51,"column":61}},{"start":{"line":51,"column":64},"end":{"line":51,"column":66}}]},"5":{"loc":{"start":{"line":93,"column":22},"end":{"line":93,"column":78}},"type":"cond-expr","locations":[{"start":{"line":93,"column":47},"end":{"line":93,"column":60}},{"start":{"line":93,"column":63},"end":{"line":93,"column":78}}]},"6":{"loc":{"start":{"line":95,"column":22},"end":{"line":95,"column":62}},"type":"binary-expr","locations":[{"start":{"line":95,"column":22},"end":{"line":95,"column":40}},{"start":{"line":95,"column":44},"end":{"line":95,"column":62}}]}},"s":{"0":1,"1":1,"2":1,"3":1,"4":8,"5":8,"6":8,"7":8,"8":8,"9":8,"10":8,"11":8,"12":5,"13":1,"14":4,"15":4,"16":4,"17":0,"18":0,"19":3,"20":3,"21":3,"22":2,"23":2},"f":{"0":8,"1":0,"2":0},"b":{"0":[8,8],"1":[1,7],"2":[5],"3":[1],"4":[1,3],"5":[2,0],"6":[2,2]}}
,"/Users/nagata/work/scrapbox-cosense-mcp/src/routes/handlers/get-page-url.ts": {"path":"/Users/nagata/work/scrapbox-cosense-mcp/src/routes/handlers/get-page-url.ts","statementMap":{"0":{"start":{"line":8,"column":0},"end":{"line":8,"column":7}},"1":{"start":{"line":1,"column":0},"end":{"line":1,"column":49}},"2":{"start":{"line":13,"column":2},"end":{"line":39,"column":3}},"3":{"start":{"line":14,"column":24},"end":{"line":14,"column":64}},"4":{"start":{"line":15,"column":18},"end":{"line":15,"column":38}},"5":{"start":{"line":16,"column":16},"end":{"line":16,"column":49}},"6":{"start":{"line":18,"column":4},"end":{"line":23,"column":6}},"7":{"start":{"line":25,"column":4},"end":{"line":38,"column":6}}},"fnMap":{"0":{"name":"handleGetPageUrl","decl":{"start":{"line":8,"column":22},"end":{"line":8,"column":38}},"loc":{"start":{"line":11,"column":26},"end":{"line":40,"column":1}}}},"branchMap":{"0":{"loc":{"start":{"line":14,"column":24},"end":{"line":14,"column":64}},"type":"binary-expr","locations":[{"start":{"line":14,"column":24},"end":{"line":14,"column":42}},{"start":{"line":14,"column":46},"end":{"line":14,"column":64}}]},"1":{"loc":{"start":{"line":30,"column":22},"end":{"line":30,"column":78}},"type":"cond-expr","locations":[{"start":{"line":30,"column":47},"end":{"line":30,"column":60}},{"start":{"line":30,"column":63},"end":{"line":30,"column":78}}]},"2":{"loc":{"start":{"line":32,"column":22},"end":{"line":32,"column":62}},"type":"binary-expr","locations":[{"start":{"line":32,"column":22},"end":{"line":32,"column":40}},{"start":{"line":32,"column":44},"end":{"line":32,"column":62}}]}},"s":{"0":1,"1":1,"2":5,"3":5,"4":5,"5":5,"6":4,"7":1},"f":{"0":5},"b":{"0":[5,5],"1":[1,0],"2":[1,1]}}
,"/Users/nagata/work/scrapbox-cosense-mcp/src/routes/handlers/get-page.ts": {"path":"/Users/nagata/work/scrapbox-cosense-mcp/src/routes/handlers/get-page.ts","statementMap":{"0":{"start":{"line":9,"column":0},"end":{"line":9,"column":7}},"1":{"start":{"line":1,"column":0},"end":{"line":1,"column":59}},"2":{"start":{"line":2,"column":0},"end":{"line":2,"column":50}},"3":{"start":{"line":14,"column":2},"end":{"line":82,"column":3}},"4":{"start":{"line":15,"column":24},"end":{"line":15,"column":64}},"5":{"start":{"line":16,"column":17},"end":{"line":16,"column":73}},"6":{"start":{"line":18,"column":4},"end":{"line":32,"column":5}},"7":{"start":{"line":19,"column":6},"end":{"line":31,"column":8}},"8":{"start":{"line":34,"column":29},"end":{"line":34,"column":49}},"9":{"start":{"line":37,"column":26},"end":{"line":50,"column":16}},"10":{"start":{"line":45,"column":10},"end":{"line":46,"column":55}},"11":{"start":{"line":48,"column":21},"end":{"line":48,"column":37}},"12":{"start":{"line":53,"column":24},"end":{"line":53,"column":76}},"13":{"start":{"line":53,"column":55},"end":{"line":53,"column":64}},"14":{"start":{"line":56,"column":22},"end":{"line":58,"column":18}},"15":{"start":{"line":57,"column":49},"end":{"line":57,"column":60}},"16":{"start":{"line":60,"column":21},"end":{"line":60,"column":71}},"17":{"start":{"line":61,"column":4},"end":{"line":66,"column":6}},"18":{"start":{"line":68,"column":4},"end":{"line":81,"column":6}}},"fnMap":{"0":{"name":"handleGetPage","decl":{"start":{"line":9,"column":22},"end":{"line":9,"column":35}},"loc":{"start":{"line":12,"column":23},"end":{"line":83,"column":1}}},"1":{"name":"(anonymous_1)","decl":{"start":{"line":44,"column":16},"end":{"line":44,"column":22}},"loc":{"start":{"line":45,"column":10},"end":{"line":46,"column":55}}},"2":{"name":"(anonymous_2)","decl":{"start":{"line":48,"column":13},"end":{"line":48,"column":17}},"loc":{"start":{"line":48,"column":21},"end":{"line":48,"column":37}}},"3":{"name":"(anonymous_3)","decl":{"start":{"line":53,"column":47},"end":{"line":53,"column":51}},"loc":{"start":{"line":53,"column":55},"end":{"line":53,"column":64}}},"4":{"name":"(anonymous_4)","decl":{"start":{"line":57,"column":31},"end":{"line":57,"column":32}},"loc":{"start":{"line":57,"column":49},"end":{"line":57,"column":60}}}},"branchMap":{"0":{"loc":{"start":{"line":15,"column":24},"end":{"line":15,"column":64}},"type":"binary-expr","locations":[{"start":{"line":15,"column":24},"end":{"line":15,"column":42}},{"start":{"line":15,"column":46},"end":{"line":15,"column":64}}]},"1":{"loc":{"start":{"line":18,"column":4},"end":{"line":32,"column":5}},"type":"if","locations":[{"start":{"line":18,"column":4},"end":{"line":32,"column":5}}]},"2":{"loc":{"start":{"line":25,"column":24},"end":{"line":25,"column":64}},"type":"binary-expr","locations":[{"start":{"line":25,"column":24},"end":{"line":25,"column":42}},{"start":{"line":25,"column":46},"end":{"line":25,"column":64}}]},"3":{"loc":{"start":{"line":41,"column":23},"end":{"line":41,"column":96}},"type":"binary-expr","locations":[{"start":{"line":41,"column":23},"end":{"line":41,"column":63}},{"start":{"line":41,"column":67},"end":{"line":41,"column":96}}]},"4":{"loc":{"start":{"line":45,"column":10},"end":{"line":46,"column":55}},"type":"binary-expr","locations":[{"start":{"line":45,"column":10},"end":{"line":45,"column":44}},{"start":{"line":46,"column":10},"end":{"line":46,"column":55}}]},"5":{"loc":{"start":{"line":56,"column":35},"end":{"line":58,"column":16}},"type":"cond-expr","locations":[{"start":{"line":57,"column":8},"end":{"line":57,"column":72}},{"start":{"line":58,"column":8},"end":{"line":58,"column":16}}]},"6":{"loc":{"start":{"line":73,"column":22},"end":{"line":73,"column":78}},"type":"cond-expr","locations":[{"start":{"line":73,"column":47},"end":{"line":73,"column":60}},{"start":{"line":73,"column":63},"end":{"line":73,"column":78}}]},"7":{"loc":{"start":{"line":75,"column":22},"end":{"line":75,"column":62}},"type":"binary-expr","locations":[{"start":{"line":75,"column":22},"end":{"line":75,"column":40}},{"start":{"line":75,"column":44},"end":{"line":75,"column":62}}]}},"s":{"0":1,"1":1,"2":1,"3":7,"4":7,"5":7,"6":6,"7":2,"8":4,"9":4,"10":4,"11":4,"12":4,"13":8,"14":4,"15":4,"16":4,"17":4,"18":1},"f":{"0":7,"1":4,"2":4,"3":8,"4":4},"b":{"0":[7,6],"1":[2],"2":[2,2],"3":[4,0],"4":[4,4],"5":[4,0],"6":[1,0],"7":[1,1]}}
,"/Users/nagata/work/scrapbox-cosense-mcp/src/routes/handlers/insert-lines.ts": {"path":"/Users/nagata/work/scrapbox-cosense-mcp/src/routes/handlers/insert-lines.ts","statementMap":{"0":{"start":{"line":11,"column":0},"end":{"line":11,"column":7}},"1":{"start":{"line":1,"column":0},"end":{"line":1,"column":47}},"2":{"start":{"line":16,"column":2},"end":{"line":94,"column":3}},"3":{"start":{"line":17,"column":24},"end":{"line":17,"column":64}},"4":{"start":{"line":19,"column":4},"end":{"line":34,"column":5}},"5":{"start":{"line":20,"column":6},"end":{"line":33,"column":8}},"6":{"start":{"line":37,"column":19},"end":{"line":57,"column":6}},"7":{"start":{"line":39,"column":26},"end":{"line":40,"column":null}},"8":{"start":{"line":40,"column":8},"end":{"line":40,"column":49}},"9":{"start":{"line":44,"column":26},"end":{"line":44,"column":75}},"10":{"start":{"line":47,"column":23},"end":{"line":47,"column":70}},"11":{"start":{"line":47,"column":60},"end":{"line":47,"column":68}},"12":{"start":{"line":50,"column":6},"end":{"line":54,"column":8}},"13":{"start":{"line":60,"column":31},"end":{"line":60,"column":61}},"14":{"start":{"line":61,"column":28},"end":{"line":61,"column":76}},"15":{"start":{"line":63,"column":4},"end":{"line":76,"column":6}},"16":{"start":{"line":79,"column":4},"end":{"line":93,"column":6}}},"fnMap":{"0":{"name":"handleInsertLines","decl":{"start":{"line":11,"column":22},"end":{"line":11,"column":39}},"loc":{"start":{"line":14,"column":27},"end":{"line":95,"column":1}}},"1":{"name":"(anonymous_1)","decl":{"start":{"line":37,"column":62},"end":{"line":37,"column":63}},"loc":{"start":{"line":37,"column":84},"end":{"line":55,"column":5}}},"2":{"name":"(anonymous_2)","decl":{"start":{"line":39,"column":42},"end":{"line":39,"column":43}},"loc":{"start":{"line":40,"column":8},"end":{"line":40,"column":49}}},"3":{"name":"(anonymous_3)","decl":{"start":{"line":47,"column":51},"end":{"line":47,"column":55}},"loc":{"start":{"line":47,"column":60},"end":{"line":47,"column":68}}}},"branchMap":{"0":{"loc":{"start":{"line":17,"column":24},"end":{"line":17,"column":64}},"type":"binary-expr","locations":[{"start":{"line":17,"column":24},"end":{"line":17,"column":42}},{"start":{"line":17,"column":46},"end":{"line":17,"column":64}}]},"1":{"loc":{"start":{"line":19,"column":4},"end":{"line":34,"column":5}},"type":"if","locations":[{"start":{"line":19,"column":4},"end":{"line":34,"column":5}}]},"2":{"loc":{"start":{"line":44,"column":26},"end":{"line":44,"column":75}},"type":"cond-expr","locations":[{"start":{"line":44,"column":45},"end":{"line":44,"column":60}},{"start":{"line":44,"column":63},"end":{"line":44,"column":75}}]},"3":{"loc":{"start":{"line":61,"column":28},"end":{"line":61,"column":76}},"type":"cond-expr","locations":[{"start":{"line":61,"column":37},"end":{"line":61,"column":44}},{"start":{"line":61,"column":47},"end":{"line":61,"column":76}}]},"4":{"loc":{"start":{"line":84,"column":22},"end":{"line":84,"column":78}},"type":"cond-expr","locations":[{"start":{"line":84,"column":47},"end":{"line":84,"column":60}},{"start":{"line":84,"column":63},"end":{"line":84,"column":78}}]},"5":{"loc":{"start":{"line":86,"column":22},"end":{"line":86,"column":62}},"type":"binary-expr","locations":[{"start":{"line":86,"column":22},"end":{"line":86,"column":40}},{"start":{"line":86,"column":44},"end":{"line":86,"column":62}}]}},"s":{"0":1,"1":1,"2":4,"3":4,"4":4,"5":4,"6":0,"7":0,"8":0,"9":0,"10":0,"11":0,"12":0,"13":0,"14":0,"15":0,"16":0},"f":{"0":4,"1":0,"2":0,"3":0},"b":{"0":[4,2],"1":[4],"2":[0,0],"3":[0,0],"4":[0,0],"5":[0,0]}}
,"/Users/nagata/work/scrapbox-cosense-mcp/src/routes/handlers/list-pages.ts": {"path":"/Users/nagata/work/scrapbox-cosense-mcp/src/routes/handlers/list-pages.ts","statementMap":{"0":{"start":{"line":13,"column":0},"end":{"line":13,"column":7}},"1":{"start":{"line":1,"column":0},"end":{"line":1,"column":58}},"2":{"start":{"line":2,"column":0},"end":{"line":2,"column":64}},"3":{"start":{"line":3,"column":0},"end":{"line":3,"column":91}},"4":{"start":{"line":18,"column":2},"end":{"line":109,"column":3}},"5":{"start":{"line":25,"column":8},"end":{"line":25,"column":14}},"6":{"start":{"line":26,"column":24},"end":{"line":26,"column":63}},"7":{"start":{"line":29,"column":4},"end":{"line":64,"column":5}},"8":{"start":{"line":30,"column":26},"end":{"line":30,"column":37}},"9":{"start":{"line":31,"column":54},"end":{"line":31,"column":56}},"10":{"start":{"line":32,"column":24},"end":{"line":32,"column":33}},"11":{"start":{"line":34,"column":6},"end":{"line":46,"column":7}},"12":{"start":{"line":35,"column":29},"end":{"line":39,"column":10}},"13":{"start":{"line":41,"column":28},"end":{"line":41,"column":90}},"14":{"start":{"line":41,"column":62},"end":{"line":41,"column":89}},"15":{"start":{"line":42,"column":8},"end":{"line":42,"column":58}},"16":{"start":{"line":44,"column":8},"end":{"line":44,"column":51}},"17":{"start":{"line":44,"column":45},"end":{"line":44,"column":51}},"18":{"start":{"line":45,"column":8},"end":{"line":45,"column":49}},"19":{"start":{"line":48,"column":6},"end":{"line":53,"column":8}},"20":{"start":{"line":55,"column":6},"end":{"line":63,"column":8}},"21":{"start":{"line":66,"column":17},"end":{"line":73,"column":23}},"22":{"start":{"line":75,"column":4},"end":{"line":83,"column":18}},"23":{"start":{"line":76,"column":24},"end":{"line":76,"column":48}},"24":{"start":{"line":77,"column":6},"end":{"line":82,"column":19}},"25":{"start":{"line":85,"column":4},"end":{"line":90,"column":6}},"26":{"start":{"line":92,"column":4},"end":{"line":108,"column":6}}},"fnMap":{"0":{"name":"handleListPages","decl":{"start":{"line":13,"column":22},"end":{"line":13,"column":37}},"loc":{"start":{"line":16,"column":25},"end":{"line":110,"column":1}}},"1":{"name":"(anonymous_1)","decl":{"start":{"line":41,"column":54},"end":{"line":41,"column":58}},"loc":{"start":{"line":41,"column":62},"end":{"line":41,"column":89}}},"2":{"name":"(anonymous_2)","decl":{"start":{"line":75,"column":30},"end":{"line":75,"column":31}},"loc":{"start":{"line":75,"column":46},"end":{"line":83,"column":5}}}},"branchMap":{"0":{"loc":{"start":{"line":21,"column":6},"end":{"line":21,"column":18}},"type":"default-arg","locations":[{"start":{"line":21,"column":14},"end":{"line":21,"column":18}}]},"1":{"loc":{"start":{"line":22,"column":6},"end":{"line":22,"column":14}},"type":"default-arg","locations":[{"start":{"line":22,"column":13},"end":{"line":22,"column":14}}]},"2":{"loc":{"start":{"line":23,"column":6},"end":{"line":23,"column":27}},"type":"default-arg","locations":[{"start":{"line":23,"column":22},"end":{"line":23,"column":27}}]},"3":{"loc":{"start":{"line":26,"column":24},"end":{"line":26,"column":63}},"type":"binary-expr","locations":[{"start":{"line":26,"column":24},"end":{"line":26,"column":41}},{"start":{"line":26,"column":45},"end":{"line":26,"column":63}}]},"4":{"loc":{"start":{"line":29,"column":4},"end":{"line":64,"column":5}},"type":"if","locations":[{"start":{"line":29,"column":4},"end":{"line":64,"column":5}},{"start":{"line":54,"column":11},"end":{"line":64,"column":5}}]},"5":{"loc":{"start":{"line":30,"column":26},"end":{"line":30,"column":37}},"type":"binary-expr","locations":[{"start":{"line":30,"column":26},"end":{"line":30,"column":31}},{"start":{"line":30,"column":35},"end":{"line":30,"column":37}}]},"6":{"loc":{"start":{"line":32,"column":24},"end":{"line":32,"column":33}},"type":"binary-expr","locations":[{"start":{"line":32,"column":24},"end":{"line":32,"column":28}},{"start":{"line":32,"column":32},"end":{"line":32,"column":33}}]},"7":{"loc":{"start":{"line":36,"column":14},"end":{"line":36,"column":44}},"type":"binary-expr","locations":[{"start":{"line":36,"column":14},"end":{"line":36,"column":32}},{"start":{"line":36,"column":36},"end":{"line":36,"column":44}}]},"8":{"loc":{"start":{"line":41,"column":62},"end":{"line":41,"column":89}},"type":"binary-expr","locations":[{"start":{"line":41,"column":62},"end":{"line":41,"column":71}},{"start":{"line":41,"column":75},"end":{"line":41,"column":89}}]},"9":{"loc":{"start":{"line":44,"column":8},"end":{"line":44,"column":51}},"type":"if","locations":[{"start":{"line":44,"column":8},"end":{"line":44,"column":51}}]},"10":{"loc":{"start":{"line":52,"column":14},"end":{"line":52,"column":23}},"type":"binary-expr","locations":[{"start":{"line":52,"column":14},"end":{"line":52,"column":18}},{"start":{"line":52,"column":22},"end":{"line":52,"column":23}}]},"11":{"loc":{"start":{"line":58,"column":14},"end":{"line":58,"column":44}},"type":"binary-expr","locations":[{"start":{"line":58,"column":14},"end":{"line":58,"column":32}},{"start":{"line":58,"column":36},"end":{"line":58,"column":44}}]},"12":{"loc":{"start":{"line":59,"column":17},"end":{"line":59,"column":28}},"type":"binary-expr","locations":[{"start":{"line":59,"column":17},"end":{"line":59,"column":22}},{"start":{"line":59,"column":26},"end":{"line":59,"column":28}}]},"13":{"loc":{"start":{"line":78,"column":14},"end":{"line":78,"column":23}},"type":"binary-expr","locations":[{"start":{"line":78,"column":14},"end":{"line":78,"column":18}},{"start":{"line":78,"column":22},"end":{"line":78,"column":23}}]},"14":{"loc":{"start":{"line":97,"column":22},"end":{"line":97,"column":78}},"type":"cond-expr","locations":[{"start":{"line":97,"column":47},"end":{"line":97,"column":60}},{"start":{"line":97,"column":63},"end":{"line":97,"column":78}}]},"15":{"loc":{"start":{"line":99,"column":22},"end":{"line":99,"column":62}},"type":"binary-expr","locations":[{"start":{"line":99,"column":22},"end":{"line":99,"column":40}},{"start":{"line":99,"column":44},"end":{"line":99,"column":62}}]},"16":{"loc":{"start":{"line":100,"column":19},"end":{"line":100,"column":43}},"type":"binary-expr","locations":[{"start":{"line":100,"column":19},"end":{"line":100,"column":30}},{"start":{"line":100,"column":34},"end":{"line":100,"column":43}}]},"17":{"loc":{"start":{"line":101,"column":20},"end":{"line":101,"column":45}},"type":"binary-expr","locations":[{"start":{"line":101,"column":20},"end":{"line":101,"column":32}},{"start":{"line":101,"column":36},"end":{"line":101,"column":45}}]},"18":{"loc":{"start":{"line":102,"column":19},"end":{"line":102,"column":37}},"type":"binary-expr","locations":[{"start":{"line":102,"column":19},"end":{"line":102,"column":30}},{"start":{"line":102,"column":34},"end":{"line":102,"column":37}}]}},"s":{"0":1,"1":1,"2":1,"3":1,"4":3,"5":3,"6":3,"7":3,"8":0,"9":0,"10":0,"11":0,"12":0,"13":0,"14":0,"15":0,"16":0,"17":0,"18":0,"19":0,"20":3,"21":2,"22":2,"23":4,"24":4,"25":2,"26":1},"f":{"0":3,"1":0,"2":4},"b":{"0":[2],"1":[2],"2":[2],"3":[3,3],"4":[0,3],"5":[0,0],"6":[0,0],"7":[0,0],"8":[0,0],"9":[0],"10":[0,0],"11":[3,1],"12":[3,0],"13":[4,4],"14":[1,0],"15":[1,1],"16":[1,1],"17":[1,1],"18":[1,1]}}
,"/Users/nagata/work/scrapbox-cosense-mcp/src/routes/handlers/search-pages.ts": {"path":"/Users/nagata/work/scrapbox-cosense-mcp/src/routes/handlers/search-pages.ts","statementMap":{"0":{"start":{"line":9,"column":0},"end":{"line":9,"column":7}},"1":{"start":{"line":1,"column":0},"end":{"line":1,"column":47}},"2":{"start":{"line":2,"column":0},"end":{"line":2,"column":57}},"3":{"start":{"line":14,"column":2},"end":{"line":73,"column":3}},"4":{"start":{"line":15,"column":24},"end":{"line":15,"column":64}},"5":{"start":{"line":16,"column":18},"end":{"line":16,"column":38}},"6":{"start":{"line":17,"column":20},"end":{"line":17,"column":69}},"7":{"start":{"line":19,"column":4},"end":{"line":34,"column":5}},"8":{"start":{"line":20,"column":6},"end":{"line":33,"column":8}},"9":{"start":{"line":36,"column":17},"end":{"line":42,"column":23}},"10":{"start":{"line":44,"column":4},"end":{"line":50,"column":17}},"11":{"start":{"line":45,"column":6},"end":{"line":49,"column":18}},"12":{"start":{"line":52,"column":4},"end":{"line":57,"column":6}},"13":{"start":{"line":59,"column":4},"end":{"line":72,"column":6}}},"fnMap":{"0":{"name":"handleSearchPages","decl":{"start":{"line":9,"column":22},"end":{"line":9,"column":39}},"loc":{"start":{"line":12,"column":27},"end":{"line":74,"column":1}}},"1":{"name":"(anonymous_1)","decl":{"start":{"line":44,"column":32},"end":{"line":44,"column":33}},"loc":{"start":{"line":45,"column":6},"end":{"line":49,"column":18}}}},"branchMap":{"0":{"loc":{"start":{"line":15,"column":24},"end":{"line":15,"column":64}},"type":"binary-expr","locations":[{"start":{"line":15,"column":24},"end":{"line":15,"column":42}},{"start":{"line":15,"column":46},"end":{"line":15,"column":64}}]},"1":{"loc":{"start":{"line":19,"column":4},"end":{"line":34,"column":5}},"type":"if","locations":[{"start":{"line":19,"column":4},"end":{"line":34,"column":5}}]},"2":{"loc":{"start":{"line":26,"column":24},"end":{"line":26,"column":64}},"type":"binary-expr","locations":[{"start":{"line":26,"column":24},"end":{"line":26,"column":42}},{"start":{"line":26,"column":46},"end":{"line":26,"column":64}}]},"3":{"loc":{"start":{"line":64,"column":22},"end":{"line":64,"column":78}},"type":"cond-expr","locations":[{"start":{"line":64,"column":47},"end":{"line":64,"column":60}},{"start":{"line":64,"column":63},"end":{"line":64,"column":78}}]},"4":{"loc":{"start":{"line":66,"column":22},"end":{"line":66,"column":62}},"type":"binary-expr","locations":[{"start":{"line":66,"column":22},"end":{"line":66,"column":40}},{"start":{"line":66,"column":44},"end":{"line":66,"column":62}}]}},"s":{"0":1,"1":1,"2":1,"3":3,"4":3,"5":3,"6":3,"7":2,"8":0,"9":2,"10":2,"11":3,"12":2,"13":1},"f":{"0":3,"1":3},"b":{"0":[3,3],"1":[0],"2":[0,0],"3":[1,0],"4":[1,1]}}
,"/Users/nagata/work/scrapbox-cosense-mcp/src/utils/format.ts": {"path":"/Users/nagata/work/scrapbox-cosense-mcp/src/utils/format.ts","statementMap":{"0":{"start":{"line":75,"column":0},"end":{"line":75,"column":16}},"1":{"start":{"line":82,"column":0},"end":{"line":82,"column":16}},"2":{"start":{"line":95,"column":0},"end":{"line":95,"column":16}},"3":{"start":{"line":139,"column":0},"end":{"line":139,"column":16}},"4":{"start":{"line":76,"column":12},"end":{"line":76,"column":30}},"5":{"start":{"line":77,"column":12},"end":{"line":77,"column":31}},"6":{"start":{"line":78,"column":12},"end":{"line":78,"column":26}},"7":{"start":{"line":79,"column":2},"end":{"line":79,"column":26}},"8":{"start":{"line":83,"column":15},"end":{"line":90,"column":40}},"9":{"start":{"line":92,"column":2},"end":{"line":92,"column":19}},"10":{"start":{"line":99,"column":2},"end":{"line":136,"column":3}},"11":{"start":{"line":101,"column":6},"end":{"line":104,"column":8}},"12":{"start":{"line":106,"column":6},"end":{"line":109,"column":8}},"13":{"start":{"line":111,"column":25},"end":{"line":111,"column":64}},"14":{"start":{"line":112,"column":6},"end":{"line":115,"column":8}},"15":{"start":{"line":117,"column":6},"end":{"line":120,"column":8}},"16":{"start":{"line":122,"column":6},"end":{"line":125,"column":8}},"17":{"start":{"line":127,"column":6},"end":{"line":130,"column":8}},"18":{"start":{"line":132,"column":6},"end":{"line":135,"column":8}},"19":{"start":{"line":152,"column":16},"end":{"line":155,"column":4}},"20":{"start":{"line":158,"column":2},"end":{"line":163,"column":3}},"21":{"start":{"line":159,"column":4},"end":{"line":162,"column":6}},"22":{"start":{"line":165,"column":2},"end":{"line":165,"column":51}},"23":{"start":{"line":167,"column":2},"end":{"line":169,"column":3}},"24":{"start":{"line":168,"column":4},"end":{"line":168,"column":58}},"25":{"start":{"line":171,"column":2},"end":{"line":173,"column":3}},"26":{"start":{"line":172,"column":4},"end":{"line":172,"column":51}},"27":{"start":{"line":176,"column":2},"end":{"line":178,"column":3}},"28":{"start":{"line":177,"column":4},"end":{"line":177,"column":57}},"29":{"start":{"line":181,"column":2},"end":{"line":183,"column":3}},"30":{"start":{"line":182,"column":4},"end":{"line":182,"column":66}},"31":{"start":{"line":185,"column":2},"end":{"line":197,"column":3}},"32":{"start":{"line":186,"column":32},"end":{"line":192,"column":68}},"33":{"start":{"line":188,"column":8},"end":{"line":189,"column":45}},"34":{"start":{"line":191,"column":21},"end":{"line":191,"column":39}},"35":{"start":{"line":192,"column":38},"end":{"line":192,"column":67}},"36":{"start":{"line":194,"column":4},"end":{"line":196,"column":5}},"37":{"start":{"line":195,"column":6},"end":{"line":195,"column":69}},"38":{"start":{"line":199,"column":2},"end":{"line":202,"column":3}},"39":{"start":{"line":200,"column":4},"end":{"line":200,"column":27}},"40":{"start":{"line":201,"column":4},"end":{"line":201,"column":38}},"41":{"start":{"line":204,"column":2},"end":{"line":207,"column":3}},"42":{"start":{"line":205,"column":4},"end":{"line":205,"column":31}},"43":{"start":{"line":206,"column":4},"end":{"line":206,"column":45}},"44":{"start":{"line":209,"column":2},"end":{"line":209,"column":26}}},"fnMap":{"0":{"name":"formatYmd","decl":{"start":{"line":75,"column":16},"end":{"line":75,"column":25}},"loc":{"start":{"line":75,"column":36},"end":{"line":80,"column":1}}},"1":{"name":"getSortDescription","decl":{"start":{"line":82,"column":16},"end":{"line":82,"column":34}},"loc":{"start":{"line":82,"column":65},"end":{"line":93,"column":1}}},"2":{"name":"getSortValue","decl":{"start":{"line":95,"column":16},"end":{"line":95,"column":28}},"loc":{"start":{"line":95,"column":75},"end":{"line":137,"column":1}}},"3":{"name":"formatPageOutput","decl":{"start":{"line":139,"column":16},"end":{"line":139,"column":32}},"loc":{"start":{"line":150,"column":8},"end":{"line":210,"column":1}}},"4":{"name":"(anonymous_4)","decl":{"start":{"line":187,"column":14},"end":{"line":187,"column":20}},"loc":{"start":{"line":188,"column":8},"end":{"line":189,"column":45}}},"5":{"name":"(anonymous_5)","decl":{"start":{"line":191,"column":11},"end":{"line":191,"column":17}},"loc":{"start":{"line":191,"column":21},"end":{"line":191,"column":39}}},"6":{"name":"(anonymous_6)","decl":{"start":{"line":192,"column":14},"end":{"line":192,"column":15}},"loc":{"start":{"line":192,"column":38},"end":{"line":192,"column":67}}}},"branchMap":{"0":{"loc":{"start":{"line":83,"column":15},"end":{"line":90,"column":40}},"type":"binary-expr","locations":[{"start":{"line":83,"column":15},"end":{"line":90,"column":21}},{"start":{"line":90,"column":25},"end":{"line":90,"column":40}}]},"1":{"loc":{"start":{"line":90,"column":4},"end":{"line":90,"column":20}},"type":"binary-expr","locations":[{"start":{"line":90,"column":4},"end":{"line":90,"column":14}},{"start":{"line":90,"column":18},"end":{"line":90,"column":20}}]},"2":{"loc":{"start":{"line":99,"column":2},"end":{"line":136,"column":3}},"type":"switch","locations":[{"start":{"line":100,"column":4},"end":{"line":104,"column":8}},{"start":{"line":105,"column":4},"end":{"line":109,"column":8}},{"start":{"line":110,"column":4},"end":{"line":115,"column":8}},{"start":{"line":116,"column":4},"end":{"line":120,"column":8}},{"start":{"line":121,"column":4},"end":{"line":125,"column":8}},{"start":{"line":126,"column":4},"end":{"line":130,"column":8}},{"start":{"line":131,"column":4},"end":{"line":135,"column":8}}]},"3":{"loc":{"start":{"line":102,"column":15},"end":{"line":102,"column":32}},"type":"binary-expr","locations":[{"start":{"line":102,"column":15},"end":{"line":102,"column":27}},{"start":{"line":102,"column":31},"end":{"line":102,"column":32}}]},"4":{"loc":{"start":{"line":103,"column":19},"end":{"line":103,"column":92}},"type":"cond-expr","locations":[{"start":{"line":103,"column":34},"end":{"line":103,"column":74}},{"start":{"line":103,"column":77},"end":{"line":103,"column":92}}]},"5":{"loc":{"start":{"line":107,"column":15},"end":{"line":107,"column":32}},"type":"binary-expr","locations":[{"start":{"line":107,"column":15},"end":{"line":107,"column":27}},{"start":{"line":107,"column":31},"end":{"line":107,"column":32}}]},"6":{"loc":{"start":{"line":108,"column":19},"end":{"line":108,"column":92}},"type":"cond-expr","locations":[{"start":{"line":108,"column":34},"end":{"line":108,"column":74}},{"start":{"line":108,"column":77},"end":{"line":108,"column":92}}]},"7":{"loc":{"start":{"line":111,"column":25},"end":{"line":111,"column":64}},"type":"binary-expr","locations":[{"start":{"line":111,"column":25},"end":{"line":111,"column":38}},{"start":{"line":111,"column":42},"end":{"line":111,"column":59}},{"start":{"line":111,"column":63},"end":{"line":111,"column":64}}]},"8":{"loc":{"start":{"line":114,"column":19},"end":{"line":114,"column":88}},"type":"cond-expr","locations":[{"start":{"line":114,"column":32},"end":{"line":114,"column":70}},{"start":{"line":114,"column":73},"end":{"line":114,"column":88}}]},"9":{"loc":{"start":{"line":118,"column":15},"end":{"line":118,"column":31}},"type":"binary-expr","locations":[{"start":{"line":118,"column":15},"end":{"line":118,"column":26}},{"start":{"line":118,"column":30},"end":{"line":118,"column":31}}]},"10":{"loc":{"start":{"line":119,"column":26},"end":{"line":119,"column":42}},"type":"binary-expr","locations":[{"start":{"line":119,"column":26},"end":{"line":119,"column":37}},{"start":{"line":119,"column":41},"end":{"line":119,"column":42}}]},"11":{"loc":{"start":{"line":123,"column":15},"end":{"line":123,"column":30}},"type":"binary-expr","locations":[{"start":{"line":123,"column":15},"end":{"line":123,"column":25}},{"start":{"line":123,"column":29},"end":{"line":123,"column":30}}]},"12":{"loc":{"start":{"line":124,"column":26},"end":{"line":124,"column":41}},"type":"binary-expr","locations":[{"start":{"line":124,"column":26},"end":{"line":124,"column":36}},{"start":{"line":124,"column":40},"end":{"line":124,"column":41}}]},"13":{"loc":{"start":{"line":142,"column":2},"end":{"line":150,"column":8}},"type":"default-arg","locations":[{"start":{"line":150,"column":6},"end":{"line":150,"column":8}}]},"14":{"loc":{"start":{"line":153,"column":21},"end":{"line":153,"column":38}},"type":"binary-expr","locations":[{"start":{"line":153,"column":21},"end":{"line":153,"column":33}},{"start":{"line":153,"column":37},"end":{"line":153,"column":38}}]},"15":{"loc":{"start":{"line":158,"column":2},"end":{"line":163,"column":3}},"type":"if","locations":[{"start":{"line":158,"column":2},"end":{"line":163,"column":3}}]},"16":{"loc":{"start":{"line":160,"column":38},"end":{"line":160,"column":55}},"type":"binary-expr","locations":[{"start":{"line":160,"column":38},"end":{"line":160,"column":50}},{"start":{"line":160,"column":54},"end":{"line":160,"column":55}}]},"17":{"loc":{"start":{"line":161,"column":38},"end":{"line":161,"column":55}},"type":"binary-expr","locations":[{"start":{"line":161,"column":38},"end":{"line":161,"column":50}},{"start":{"line":161,"column":54},"end":{"line":161,"column":55}}]},"18":{"loc":{"start":{"line":165,"column":24},"end":{"line":165,"column":47}},"type":"cond-expr","locations":[{"start":{"line":165,"column":35},"end":{"line":165,"column":40}},{"start":{"line":165,"column":43},"end":{"line":165,"column":47}}]},"19":{"loc":{"start":{"line":167,"column":2},"end":{"line":169,"column":3}},"type":"if","locations":[{"start":{"line":167,"column":2},"end":{"line":169,"column":3}}]},"20":{"loc":{"start":{"line":167,"column":6},"end":{"line":167,"column":39}},"type":"binary-expr","locations":[{"start":{"line":167,"column":6},"end":{"line":167,"column":25}},{"start":{"line":167,"column":29},"end":{"line":167,"column":39}}]},"21":{"loc":{"start":{"line":171,"column":2},"end":{"line":173,"column":3}},"type":"if","locations":[{"start":{"line":171,"column":2},"end":{"line":173,"column":3}}]},"22":{"loc":{"start":{"line":171,"column":6},"end":{"line":171,"column":43}},"type":"binary-expr","locations":[{"start":{"line":171,"column":6},"end":{"line":171,"column":22}},{"start":{"line":171,"column":26},"end":{"line":171,"column":43}}]},"23":{"loc":{"start":{"line":176,"column":2},"end":{"line":178,"column":3}},"type":"if","locations":[{"start":{"line":176,"column":2},"end":{"line":178,"column":3}}]},"24":{"loc":{"start":{"line":181,"column":2},"end":{"line":183,"column":3}},"type":"if","locations":[{"start":{"line":181,"column":2},"end":{"line":183,"column":3}}]},"25":{"loc":{"start":{"line":185,"column":2},"end":{"line":197,"column":3}},"type":"if","locations":[{"start":{"line":185,"column":2},"end":{"line":197,"column":3}}]},"26":{"loc":{"start":{"line":185,"column":6},"end":{"line":185,"column":57}},"type":"binary-expr","locations":[{"start":{"line":185,"column":6},"end":{"line":185,"column":24}},{"start":{"line":185,"column":28},"end":{"line":185,"column":57}}]},"27":{"loc":{"start":{"line":188,"column":8},"end":{"line":189,"column":45}},"type":"binary-expr","locations":[{"start":{"line":188,"column":8},"end":{"line":188,"column":35}},{"start":{"line":189,"column":8},"end":{"line":189,"column":45}}]},"28":{"loc":{"start":{"line":194,"column":4},"end":{"line":196,"column":5}},"type":"if","locations":[{"start":{"line":194,"column":4},"end":{"line":196,"column":5}}]},"29":{"loc":{"start":{"line":199,"column":2},"end":{"line":202,"column":3}},"type":"if","locations":[{"start":{"line":199,"column":2},"end":{"line":202,"column":3}}]},"30":{"loc":{"start":{"line":199,"column":6},"end":{"line":199,"column":39}},"type":"binary-expr","locations":[{"start":{"line":199,"column":6},"end":{"line":199,"column":25}},{"start":{"line":199,"column":29},"end":{"line":199,"column":39}}]},"31":{"loc":{"start":{"line":204,"column":2},"end":{"line":207,"column":3}},"type":"if","locations":[{"start":{"line":204,"column":2},"end":{"line":207,"column":3}}]},"32":{"loc":{"start":{"line":204,"column":6},"end":{"line":204,"column":59}},"type":"binary-expr","locations":[{"start":{"line":204,"column":6},"end":{"line":204,"column":30}},{"start":{"line":204,"column":34},"end":{"line":204,"column":59}}]}},"s":{"0":3,"1":3,"2":3,"3":3,"4":24,"5":24,"6":24,"7":24,"8":8,"9":8,"10":8,"11":2,"12":1,"13":0,"14":0,"15":2,"16":1,"17":1,"18":1,"19":10,"20":10,"21":6,"22":10,"23":10,"24":4,"25":10,"26":1,"27":10,"28":10,"29":10,"30":7,"31":10,"32":7,"33":7,"34":7,"35":7,"36":7,"37":7,"38":10,"39":4,"40":4,"41":10,"42":1,"43":1,"44":10},"f":{"0":24,"1":8,"2":8,"3":10,"4":7,"5":7,"6":7},"b":{"0":[8,2],"1":[8,1],"2":[2,1,0,2,1,1,1],"3":[2,1],"4":[1,1],"5":[1,0],"6":[1,0],"7":[0,0,0],"8":[0,0],"9":[2,1],"10":[2,1],"11":[1,0],"12":[1,0],"13":[1],"14":[10,9],"15":[6],"16":[6,0],"17":[6,0],"18":[0,10],"19":[4],"20":[10,4],"21":[1],"22":[10,1],"23":[10],"24":[7],"25":[7],"26":[10,7],"27":[7,7],"28":[7],"29":[4],"30":[10,4],"31":[1],"32":[10,1]}}
,"/Users/nagata/work/scrapbox-cosense-mcp/src/utils/markdown-converter.ts": {"path":"/Users/nagata/work/scrapbox-cosense-mcp/src/utils/markdown-converter.ts","statementMap":{"0":{"start":{"line":17,"column":0},"end":{"line":17,"column":7}},"1":{"start":{"line":2,"column":0},"end":{"line":2,"column":32}},"2":{"start":{"line":9,"column":2},"end":{"line":11,"column":3}},"3":{"start":{"line":10,"column":4},"end":{"line":10,"column":14}},"4":{"start":{"line":14,"column":2},"end":{"line":14,"column":47}},"5":{"start":{"line":24,"column":15},"end":{"line":27,"column":4}},"6":{"start":{"line":30,"column":17},"end":{"line":30,"column":59}},"7":{"start":{"line":32,"column":2},"end":{"line":34,"column":3}},"8":{"start":{"line":33,"column":4},"end":{"line":33,"column":74}},"9":{"start":{"line":37,"column":15},"end":{"line":37,"column":36}},"10":{"start":{"line":40,"column":2},"end":{"line":42,"column":3}},"11":{"start":{"line":41,"column":4},"end":{"line":41,"column":14}},"12":{"start":{"line":45,"column":2},"end":{"line":47,"column":3}},"13":{"start":{"line":46,"column":4},"end":{"line":46,"column":28}},"14":{"start":{"line":50,"column":2},"end":{"line":52,"column":3}},"15":{"start":{"line":51,"column":4},"end":{"line":51,"column":49}},"16":{"start":{"line":54,"column":2},"end":{"line":54,"column":16}}},"fnMap":{"0":{"name":"convertNumberedListToBullet","decl":{"start":{"line":8,"column":9},"end":{"line":8,"column":36}},"loc":{"start":{"line":8,"column":68},"end":{"line":15,"column":1}}},"1":{"name":"convertMarkdownToScrapbox","decl":{"start":{"line":17,"column":22},"end":{"line":17,"column":47}},"loc":{"start":{"line":21,"column":3},"end":{"line":55,"column":1}}}},"branchMap":{"0":{"loc":{"start":{"line":9,"column":2},"end":{"line":11,"column":3}},"type":"if","locations":[{"start":{"line":9,"column":2},"end":{"line":11,"column":3}}]},"1":{"loc":{"start":{"line":25,"column":26},"end":{"line":25,"column":64}},"type":"binary-expr","locations":[{"start":{"line":25,"column":26},"end":{"line":25,"column":55}},{"start":{"line":25,"column":59},"end":{"line":25,"column":64}}]},"2":{"loc":{"start":{"line":30,"column":17},"end":{"line":30,"column":59}},"type":"binary-expr","locations":[{"start":{"line":30,"column":17},"end":{"line":30,"column":44}},{"start":{"line":30,"column":48},"end":{"line":30,"column":59}}]},"3":{"loc":{"start":{"line":32,"column":2},"end":{"line":34,"column":3}},"type":"if","locations":[{"start":{"line":32,"column":2},"end":{"line":34,"column":3}}]},"4":{"loc":{"start":{"line":40,"column":2},"end":{"line":42,"column":3}},"type":"if","locations":[{"start":{"line":40,"column":2},"end":{"line":42,"column":3}}]},"5":{"loc":{"start":{"line":45,"column":2},"end":{"line":47,"column":3}},"type":"if","locations":[{"start":{"line":45,"column":2},"end":{"line":47,"column":3}}]},"6":{"loc":{"start":{"line":50,"column":2},"end":{"line":52,"column":3}},"type":"if","locations":[{"start":{"line":50,"column":2},"end":{"line":52,"column":3}}]}},"s":{"0":3,"1":3,"2":8,"3":0,"4":8,"5":45,"6":45,"7":45,"8":0,"9":45,"10":41,"11":2,"12":39,"13":0,"14":39,"15":8,"16":39},"f":{"0":8,"1":45},"b":{"0":[0],"1":[45,37],"2":[45,14],"3":[0],"4":[2],"5":[0],"6":[8]}}
,"/Users/nagata/work/scrapbox-cosense-mcp/src/utils/sort.ts": {"path":"/Users/nagata/work/scrapbox-cosense-mcp/src/utils/sort.ts","statementMap":{"0":{"start":{"line":8,"column":0},"end":{"line":8,"column":16}},"1":{"start":{"line":9,"column":34},"end":{"line":9,"column":41}},"2":{"start":{"line":12,"column":22},"end":{"line":14,"column":11}},"3":{"start":{"line":13,"column":27},"end":{"line":13,"column":36}},"4":{"start":{"line":17,"column":2},"end":{"line":41,"column":5}},"5":{"start":{"line":19,"column":26},"end":{"line":38,"column":5}},"6":{"start":{"line":20,"column":6},"end":{"line":37,"column":7}},"7":{"start":{"line":22,"column":10},"end":{"line":22,"column":53}},"8":{"start":{"line":24,"column":10},"end":{"line":24,"column":53}},"9":{"start":{"line":26,"column":26},"end":{"line":26,"column":41}},"10":{"start":{"line":27,"column":26},"end":{"line":27,"column":41}},"11":{"start":{"line":28,"column":10},"end":{"line":28,"column":35}},"12":{"start":{"line":30,"column":10},"end":{"line":30,"column":51}},"13":{"start":{"line":32,"column":10},"end":{"line":32,"column":49}},"14":{"start":{"line":34,"column":10},"end":{"line":34,"column":48}},"15":{"start":{"line":36,"column":10},"end":{"line":36,"column":53}},"16":{"start":{"line":40,"column":4},"end":{"line":40,"column":27}}},"fnMap":{"0":{"name":"sortPages","decl":{"start":{"line":8,"column":16},"end":{"line":8,"column":25}},"loc":{"start":{"line":8,"column":74},"end":{"line":42,"column":1}}},"1":{"name":"(anonymous_1)","decl":{"start":{"line":13,"column":19},"end":{"line":13,"column":23}},"loc":{"start":{"line":13,"column":27},"end":{"line":13,"column":36}}},"2":{"name":"(anonymous_2)","decl":{"start":{"line":17,"column":33},"end":{"line":17,"column":34}},"loc":{"start":{"line":17,"column":42},"end":{"line":41,"column":3}}},"3":{"name":"(anonymous_3)","decl":{"start":{"line":19,"column":26},"end":{"line":19,"column":29}},"loc":{"start":{"line":19,"column":31},"end":{"line":38,"column":5}}}},"branchMap":{"0":{"loc":{"start":{"line":8,"column":49},"end":{"line":8,"column":74}},"type":"default-arg","locations":[{"start":{"line":8,"column":72},"end":{"line":8,"column":74}}]},"1":{"loc":{"start":{"line":12,"column":22},"end":{"line":14,"column":11}},"type":"cond-expr","locations":[{"start":{"line":13,"column":6},"end":{"line":13,"column":37}},{"start":{"line":14,"column":6},"end":{"line":14,"column":11}}]},"2":{"loc":{"start":{"line":20,"column":6},"end":{"line":37,"column":7}},"type":"switch","locations":[{"start":{"line":21,"column":8},"end":{"line":22,"column":53}},{"start":{"line":23,"column":8},"end":{"line":24,"column":53}},{"start":{"line":25,"column":8},"end":{"line":28,"column":35}},{"start":{"line":29,"column":8},"end":{"line":30,"column":51}},{"start":{"line":31,"column":8},"end":{"line":32,"column":49}},{"start":{"line":33,"column":8},"end":{"line":34,"column":48}},{"start":{"line":35,"column":8},"end":{"line":36,"column":53}}]},"3":{"loc":{"start":{"line":22,"column":18},"end":{"line":22,"column":32}},"type":"binary-expr","locations":[{"start":{"line":22,"column":18},"end":{"line":22,"column":27}},{"start":{"line":22,"column":31},"end":{"line":22,"column":32}}]},"4":{"loc":{"start":{"line":22,"column":37},"end":{"line":22,"column":51}},"type":"binary-expr","locations":[{"start":{"line":22,"column":37},"end":{"line":22,"column":46}},{"start":{"line":22,"column":50},"end":{"line":22,"column":51}}]},"5":{"loc":{"start":{"line":24,"column":18},"end":{"line":24,"column":32}},"type":"binary-expr","locations":[{"start":{"line":24,"column":18},"end":{"line":24,"column":27}},{"start":{"line":24,"column":31},"end":{"line":24,"column":32}}]},"6":{"loc":{"start":{"line":24,"column":37},"end":{"line":24,"column":51}},"type":"binary-expr","locations":[{"start":{"line":24,"column":37},"end":{"line":24,"column":46}},{"start":{"line":24,"column":50},"end":{"line":24,"column":51}}]},"7":{"loc":{"start":{"line":26,"column":26},"end":{"line":26,"column":41}},"type":"binary-expr","locations":[{"start":{"line":26,"column":26},"end":{"line":26,"column":36}},{"start":{"line":26,"column":40},"end":{"line":26,"column":41}}]},"8":{"loc":{"start":{"line":27,"column":26},"end":{"line":27,"column":41}},"type":"binary-expr","locations":[{"start":{"line":27,"column":26},"end":{"line":27,"column":36}},{"start":{"line":27,"column":40},"end":{"line":27,"column":41}}]},"9":{"loc":{"start":{"line":30,"column":18},"end":{"line":30,"column":31}},"type":"binary-expr","locations":[{"start":{"line":30,"column":18},"end":{"line":30,"column":26}},{"start":{"line":30,"column":30},"end":{"line":30,"column":31}}]},"10":{"loc":{"start":{"line":30,"column":36},"end":{"line":30,"column":49}},"type":"binary-expr","locations":[{"start":{"line":30,"column":36},"end":{"line":30,"column":44}},{"start":{"line":30,"column":48},"end":{"line":30,"column":49}}]},"11":{"loc":{"start":{"line":32,"column":18},"end":{"line":32,"column":30}},"type":"binary-expr","locations":[{"start":{"line":32,"column":18},"end":{"line":32,"column":25}},{"start":{"line":32,"column":29},"end":{"line":32,"column":30}}]},"12":{"loc":{"start":{"line":32,"column":35},"end":{"line":32,"column":47}},"type":"binary-expr","locations":[{"start":{"line":32,"column":35},"end":{"line":32,"column":42}},{"start":{"line":32,"column":46},"end":{"line":32,"column":47}}]},"13":{"loc":{"start":{"line":36,"column":18},"end":{"line":36,"column":32}},"type":"binary-expr","locations":[{"start":{"line":36,"column":18},"end":{"line":36,"column":27}},{"start":{"line":36,"column":31},"end":{"line":36,"column":32}}]},"14":{"loc":{"start":{"line":36,"column":37},"end":{"line":36,"column":51}},"type":"binary-expr","locations":[{"start":{"line":36,"column":37},"end":{"line":36,"column":46}},{"start":{"line":36,"column":50},"end":{"line":36,"column":51}}]}},"s":{"0":6,"1":13,"2":13,"3":3,"4":13,"5":40,"6":40,"7":4,"8":8,"9":2,"10":2,"11":2,"12":4,"13":3,"14":2,"15":17,"16":40},"f":{"0":13,"1":3,"2":40,"3":40},"b":{"0":[3],"1":[1,12],"2":[4,8,2,4,3,2,17],"3":[4,0],"4":[4,0],"5":[8,2],"6":[8,1],"7":[2,0],"8":[2,0],"9":[4,0],"10":[4,0],"11":[3,0],"12":[3,0],"13":[17,0],"14":[17,0]}}
}
