TN:
SF:src/cosense.ts
FN:96,getPage
FN:158,toReadablePage
FN:244,listPages
FN:291,(anonymous_3)
FN:301,(anonymous_4)
FN:340,encodeScrapboxBody
FN:345,createPageUrl
FN:363,searchPages
FN:417,listPagesWithSort
FNF:9
FNH:8
FNDA:9,getPage
FNDA:2,toReadablePage
FNDA:3,listPages
FNDA:4,(anonymous_3)
FNDA:2,(anonymous_4)
FNDA:1,encodeScrapboxBody
FNDA:3,createPageUrl
FNDA:3,searchPages
FNDA:0,listPagesWithSort
DA:1,6
DA:2,6
DA:3,6
DA:101,9
DA:102,9
DA:105,9
DA:111,8
DA:112,1
DA:115,7
DA:118,7
DA:119,1
DA:122,6
DA:123,6
DA:124,2
DA:133,4
DA:135,0
DA:142,4
DA:144,0
DA:152,4
DA:154,1
DA:189,2
DA:249,3
DA:250,3
DA:253,3
DA:254,3
DA:260,3
DA:264,3
DA:269,3
DA:275,3
DA:276,1
DA:289,2
DA:290,2
DA:292,4
DA:293,4
DA:294,4
DA:301,2
DA:304,0
DA:309,2
DA:314,2
DA:327,0
DA:342,1
DA:346,3
DA:347,3
DA:368,3
DA:369,3
DA:371,3
DA:376,3
DA:380,3
DA:381,1
DA:397,2
DA:398,2
DA:427,0
DA:428,0
DA:429,0
DA:432,0
DA:439,0
DA:445,0
DA:448,0
DA:460,6
LF:59
LH:48
BRDA:3,0,0,6
BRDA:3,0,1,6
BRDA:105,1,0,8
BRDA:105,1,1,1
BRDA:111,2,0,1
BRDA:118,3,0,1
BRDA:118,4,0,7
BRDA:118,4,1,7
BRDA:123,5,0,2
BRDA:133,6,0,0
BRDA:133,6,1,4
BRDA:133,7,0,4
BRDA:133,7,1,0
BRDA:142,8,0,0
BRDA:195,9,0,2
BRDA:195,9,1,1
BRDA:247,10,0,2
BRDA:253,11,0,3
BRDA:253,11,1,2
BRDA:255,12,0,3
BRDA:255,12,1,2
BRDA:256,13,0,3
BRDA:256,13,1,3
BRDA:269,14,0,3
BRDA:269,14,1,0
BRDA:275,15,0,1
BRDA:293,16,0,4
BRDA:301,17,0,4
BRDA:301,17,1,2
BRDA:310,18,0,2
BRDA:310,18,1,1
BRDA:311,19,0,2
BRDA:311,19,1,2
BRDA:321,20,0,2
BRDA:321,20,1,1
BRDA:322,21,0,2
BRDA:322,21,1,2
BRDA:334,22,0,0
BRDA:334,22,1,0
BRDA:347,23,0,1
BRDA:347,23,1,2
BRDA:376,24,0,3
BRDA:376,24,1,0
BRDA:380,25,0,1
BRDA:427,26,0,0
BRDA:427,26,1,0
BRDA:435,27,0,0
BRDA:435,27,1,0
BRDA:440,28,0,0
BRDA:440,28,1,0
BRDA:441,29,0,0
BRDA:441,29,1,0
BRF:52
BRH:37
end_of_record
TN:
SF:src/routes/handlers/create-page.ts
FN:13,handleCreatePage
FN:55,(anonymous_1)
FN:57,(anonymous_2)
FNF:3
FNH:1
FNDA:8,handleCreatePage
FNDA:0,(anonymous_1)
FNDA:0,(anonymous_2)
DA:1,1
DA:2,1
DA:3,1
DA:13,1
DA:18,8
DA:19,8
DA:20,8
DA:21,8
DA:22,8
DA:25,8
DA:27,8
DA:32,8
DA:33,5
DA:34,1
DA:51,4
DA:52,4
DA:55,4
DA:57,0
DA:62,3
DA:63,3
DA:80,3
DA:81,2
DA:88,2
LF:23
LH:22
BRDA:19,0,0,8
BRDA:19,0,1,8
BRDA:27,1,0,1
BRDA:27,1,1,7
BRDA:32,2,0,5
BRDA:33,3,0,1
BRDA:51,4,0,1
BRDA:51,4,1,3
BRDA:93,5,0,2
BRDA:93,5,1,0
BRDA:95,6,0,2
BRDA:95,6,1,2
BRF:12
BRH:11
end_of_record
TN:
SF:src/routes/handlers/get-page-url.ts
FN:8,handleGetPageUrl
FNF:1
FNH:1
FNDA:5,handleGetPageUrl
DA:1,1
DA:8,1
DA:13,5
DA:14,5
DA:15,5
DA:16,5
DA:18,4
DA:25,1
LF:8
LH:8
BRDA:14,0,0,5
BRDA:14,0,1,5
BRDA:30,1,0,1
BRDA:30,1,1,0
BRDA:32,2,0,1
BRDA:32,2,1,1
BRF:6
BRH:5
end_of_record
TN:
SF:src/routes/handlers/get-page.ts
FN:9,handleGetPage
FN:44,(anonymous_1)
FN:48,(anonymous_2)
FN:53,(anonymous_3)
FN:57,(anonymous_4)
FNF:5
FNH:5
FNDA:7,handleGetPage
FNDA:4,(anonymous_1)
FNDA:4,(anonymous_2)
FNDA:8,(anonymous_3)
FNDA:4,(anonymous_4)
DA:1,1
DA:2,1
DA:9,1
DA:14,7
DA:15,7
DA:16,7
DA:18,6
DA:19,2
DA:34,4
DA:37,4
DA:45,4
DA:48,4
DA:53,8
DA:56,4
DA:57,4
DA:60,4
DA:61,4
DA:68,1
LF:18
LH:18
BRDA:15,0,0,7
BRDA:15,0,1,6
BRDA:18,1,0,2
BRDA:25,2,0,2
BRDA:25,2,1,2
BRDA:41,3,0,4
BRDA:41,3,1,0
BRDA:45,4,0,4
BRDA:45,4,1,4
BRDA:56,5,0,4
BRDA:56,5,1,0
BRDA:73,6,0,1
BRDA:73,6,1,0
BRDA:75,7,0,1
BRDA:75,7,1,1
BRF:15
BRH:12
end_of_record
TN:
SF:src/routes/handlers/insert-lines.ts
FN:11,handleInsertLines
FN:37,(anonymous_1)
FN:39,(anonymous_2)
FN:47,(anonymous_3)
FNF:4
FNH:1
FNDA:4,handleInsertLines
FNDA:0,(anonymous_1)
FNDA:0,(anonymous_2)
FNDA:0,(anonymous_3)
DA:1,1
DA:11,1
DA:16,4
DA:17,4
DA:19,4
DA:20,4
DA:37,0
DA:39,0
DA:40,0
DA:44,0
DA:47,0
DA:50,0
DA:60,0
DA:61,0
DA:63,0
DA:79,0
LF:16
LH:6
BRDA:17,0,0,4
BRDA:17,0,1,2
BRDA:19,1,0,4
BRDA:44,2,0,0
BRDA:44,2,1,0
BRDA:61,3,0,0
BRDA:61,3,1,0
BRDA:84,4,0,0
BRDA:84,4,1,0
BRDA:86,5,0,0
BRDA:86,5,1,0
BRF:11
BRH:3
end_of_record
TN:
SF:src/routes/handlers/list-pages.ts
FN:13,handleListPages
FN:41,(anonymous_1)
FN:75,(anonymous_2)
FNF:3
FNH:2
FNDA:3,handleListPages
FNDA:0,(anonymous_1)
FNDA:4,(anonymous_2)
DA:1,1
DA:2,1
DA:3,1
DA:13,1
DA:18,3
DA:25,3
DA:26,3
DA:29,3
DA:30,0
DA:31,0
DA:32,0
DA:34,0
DA:35,0
DA:41,0
DA:42,0
DA:44,0
DA:45,0
DA:48,0
DA:55,3
DA:66,2
DA:75,2
DA:76,4
DA:77,4
DA:85,2
DA:92,1
LF:25
LH:15
BRDA:21,0,0,2
BRDA:22,1,0,2
BRDA:23,2,0,2
BRDA:26,3,0,3
BRDA:26,3,1,3
BRDA:29,4,0,0
BRDA:29,4,1,3
BRDA:30,5,0,0
BRDA:30,5,1,0
BRDA:32,6,0,0
BRDA:32,6,1,0
BRDA:36,7,0,0
BRDA:36,7,1,0
BRDA:41,8,0,0
BRDA:41,8,1,0
BRDA:44,9,0,0
BRDA:52,10,0,0
BRDA:52,10,1,0
BRDA:58,11,0,3
BRDA:58,11,1,1
BRDA:59,12,0,3
BRDA:59,12,1,0
BRDA:78,13,0,4
BRDA:78,13,1,4
BRDA:97,14,0,1
BRDA:97,14,1,0
BRDA:99,15,0,1
BRDA:99,15,1,1
BRDA:100,16,0,1
BRDA:100,16,1,1
BRDA:101,17,0,1
BRDA:101,17,1,1
BRDA:102,18,0,1
BRDA:102,18,1,1
BRF:34
BRH:20
end_of_record
TN:
SF:src/routes/handlers/search-pages.ts
FN:9,handleSearchPages
FN:44,(anonymous_1)
FNF:2
FNH:2
FNDA:3,handleSearchPages
FNDA:3,(anonymous_1)
DA:1,1
DA:2,1
DA:9,1
DA:14,3
DA:15,3
DA:16,3
DA:17,3
DA:19,2
DA:20,0
DA:36,2
DA:44,2
DA:45,3
DA:52,2
DA:59,1
LF:14
LH:13
BRDA:15,0,0,3
BRDA:15,0,1,3
BRDA:19,1,0,0
BRDA:26,2,0,0
BRDA:26,2,1,0
BRDA:64,3,0,1
BRDA:64,3,1,0
BRDA:66,4,0,1
BRDA:66,4,1,1
BRF:9
BRH:5
end_of_record
TN:
SF:src/utils/format.ts
FN:75,formatYmd
FN:82,getSortDescription
FN:95,getSortValue
FN:139,formatPageOutput
FN:187,(anonymous_4)
FN:191,(anonymous_5)
FN:192,(anonymous_6)
FNF:7
FNH:7
FNDA:24,formatYmd
FNDA:8,getSortDescription
FNDA:8,getSortValue
FNDA:10,formatPageOutput
FNDA:7,(anonymous_4)
FNDA:7,(anonymous_5)
FNDA:7,(anonymous_6)
DA:75,3
DA:76,24
DA:77,24
DA:78,24
DA:79,24
DA:82,3
DA:83,8
DA:92,8
DA:95,3
DA:99,8
DA:101,2
DA:106,1
DA:111,0
DA:112,0
DA:117,2
DA:122,1
DA:127,1
DA:132,1
DA:139,3
DA:152,10
DA:158,10
DA:159,6
DA:165,10
DA:167,10
DA:168,4
DA:171,10
DA:172,1
DA:176,10
DA:177,10
DA:181,10
DA:182,7
DA:185,10
DA:186,7
DA:188,7
DA:191,7
DA:192,7
DA:194,7
DA:195,7
DA:199,10
DA:200,4
DA:201,4
DA:204,10
DA:205,1
DA:206,1
DA:209,10
LF:45
LH:43
BRDA:83,0,0,8
BRDA:83,0,1,2
BRDA:90,1,0,8
BRDA:90,1,1,1
BRDA:99,2,0,2
BRDA:99,2,1,1
BRDA:99,2,2,0
BRDA:99,2,3,2
BRDA:99,2,4,1
BRDA:99,2,5,1
BRDA:99,2,6,1
BRDA:102,3,0,2
BRDA:102,3,1,1
BRDA:103,4,0,1
BRDA:103,4,1,1
BRDA:107,5,0,1
BRDA:107,5,1,0
BRDA:108,6,0,1
BRDA:108,6,1,0
BRDA:111,7,0,0
BRDA:111,7,1,0
BRDA:111,7,2,0
BRDA:114,8,0,0
BRDA:114,8,1,0
BRDA:118,9,0,2
BRDA:118,9,1,1
BRDA:119,10,0,2
BRDA:119,10,1,1
BRDA:123,11,0,1
BRDA:123,11,1,0
BRDA:124,12,0,1
BRDA:124,12,1,0
BRDA:142,13,0,1
BRDA:153,14,0,10
BRDA:153,14,1,9
BRDA:158,15,0,6
BRDA:160,16,0,6
BRDA:160,16,1,0
BRDA:161,17,0,6
BRDA:161,17,1,0
BRDA:165,18,0,0
BRDA:165,18,1,10
BRDA:167,19,0,4
BRDA:167,20,0,10
BRDA:167,20,1,4
BRDA:171,21,0,1
BRDA:171,22,0,10
BRDA:171,22,1,1
BRDA:176,23,0,10
BRDA:181,24,0,7
BRDA:185,25,0,7
BRDA:185,26,0,10
BRDA:185,26,1,7
BRDA:188,27,0,7
BRDA:188,27,1,7
BRDA:194,28,0,7
BRDA:199,29,0,4
BRDA:199,30,0,10
BRDA:199,30,1,4
BRDA:204,31,0,1
BRDA:204,32,0,10
BRDA:204,32,1,1
BRF:62
BRH:49
end_of_record
TN:
SF:src/utils/markdown-converter.ts
FN:8,convertNumberedListToBullet
FN:17,convertMarkdownToScrapbox
FNF:2
FNH:2
FNDA:8,convertNumberedListToBullet
FNDA:45,convertMarkdownToScrapbox
DA:2,3
DA:9,8
DA:10,0
DA:14,8
DA:17,3
DA:24,45
DA:30,45
DA:32,45
DA:33,0
DA:37,45
DA:40,41
DA:41,2
DA:45,39
DA:46,0
DA:50,39
DA:51,8
DA:54,39
LF:17
LH:14
BRDA:9,0,0,0
BRDA:25,1,0,45
BRDA:25,1,1,37
BRDA:30,2,0,45
BRDA:30,2,1,14
BRDA:32,3,0,0
BRDA:40,4,0,2
BRDA:45,5,0,0
BRDA:50,6,0,8
BRF:9
BRH:6
end_of_record
TN:
SF:src/utils/sort.ts
FN:8,sortPages
FN:13,(anonymous_1)
FN:17,(anonymous_2)
FN:19,(anonymous_3)
FNF:4
FNH:4
FNDA:13,sortPages
FNDA:3,(anonymous_1)
FNDA:40,(anonymous_2)
FNDA:40,(anonymous_3)
DA:8,6
DA:9,13
DA:12,13
DA:13,3
DA:17,13
DA:19,40
DA:20,40
DA:22,4
DA:24,8
DA:26,2
DA:27,2
DA:28,2
DA:30,4
DA:32,3
DA:34,2
DA:36,17
DA:40,40
LF:17
LH:17
BRDA:8,0,0,3
BRDA:12,1,0,1
BRDA:12,1,1,12
BRDA:20,2,0,4
BRDA:20,2,1,8
BRDA:20,2,2,2
BRDA:20,2,3,4
BRDA:20,2,4,3
BRDA:20,2,5,2
BRDA:20,2,6,17
BRDA:22,3,0,4
BRDA:22,3,1,0
BRDA:22,4,0,4
BRDA:22,4,1,0
BRDA:24,5,0,8
BRDA:24,5,1,2
BRDA:24,6,0,8
BRDA:24,6,1,1
BRDA:26,7,0,2
BRDA:26,7,1,0
BRDA:27,8,0,2
BRDA:27,8,1,0
BRDA:30,9,0,4
BRDA:30,9,1,0
BRDA:30,10,0,4
BRDA:30,10,1,0
BRDA:32,11,0,3
BRDA:32,11,1,0
BRDA:32,12,0,3
BRDA:32,12,1,0
BRDA:36,13,0,17
BRDA:36,13,1,0
BRDA:36,14,0,17
BRDA:36,14,1,0
BRF:34
BRH:24
end_of_record
